<?xml version="1.0" encoding="UTF-8"?>
<!-- Generated by org.testng.reporters.JUnitReportReporter -->
<testsuite skipped="0" hostname="sshrivat-lap1" name="casestudy7.FlipkartTest" tests="1" failures="0" timestamp="27 Sep 2018 17:27:34 GMT" time="93.454" errors="0">
  <testcase name="shopItem" time="93.454" classname="casestudy7.FlipkartTest"/>
</testsuite> <!-- casestudy7.FlipkartTest -->
