<?xml version="1.0" encoding="UTF-8"?>
<!-- Generated by org.testng.reporters.JUnitReportReporter -->
<testsuite skipped="0" hostname="sshrivat-lap1" name="jcsproject.JCSFeature" tests="2" failures="0" timestamp="24 Sep 2018 11:19:56 GMT" time="102.427" errors="0">
  <testcase name="loginTest" time="54.339" classname="jcsproject.JCSFeature"/>
  <testcase name="jcsProvisioning" time="48.088" classname="jcsproject.JCSFeature"/>
</testsuite> <!-- jcsproject.JCSFeature -->
